<?xml version="1.0" encoding="UTF-8"?>
<testng-results ignored="0" total="1" passed="1" failed="0" skipped="0">
  <reporter-output>
  </reporter-output>
  <suite started-at="2021-11-22T14:06:30 AEDT" name="Suite" finished-at="2021-11-22T14:07:38 AEDT" duration-ms="68185">
    <groups>
    </groups>
    <test started-at="2021-11-22T14:06:30 AEDT" name="Test" finished-at="2021-11-22T14:07:38 AEDT" duration-ms="68185">
      <class name="restrictions.RestrictionsCheck">
        <test-method is-config="true" signature="initialize()[pri:0, instance:restrictions.RestrictionsCheck@b78a709]" started-at="2021-11-22T14:06:30 AEDT" name="initialize" finished-at="2021-11-22T14:06:46 AEDT" duration-ms="15821" status="PASS">
          <reporter-output>
          </reporter-output>
        </test-method> <!-- initialize -->
        <test-method signature="restrictionsPageNavigation(java.lang.String,java.lang.String)[pri:0, instance:restrictions.RestrictionsCheck@b78a709]" started-at="2021-11-22T14:06:47 AEDT" name="restrictionsPageNavigation" data-provider="getData" finished-at="2021-11-22T14:07:38 AEDT" duration-ms="51009" status="PASS">
          <params>
            <param index="0">
              <value>
                <![CDATA[joyjo4693@gmail.com]]>
              </value>
            </param>
            <param index="1">
              <value>
                <![CDATA[Test1234$]]>
              </value>
            </param>
          </params>
          <reporter-output>
          </reporter-output>
        </test-method> <!-- restrictionsPageNavigation -->
        <test-method is-config="true" signature="closeBrowser()[pri:0, instance:restrictions.RestrictionsCheck@b78a709]" started-at="2021-11-22T14:07:38 AEDT" name="closeBrowser" finished-at="2021-11-22T14:07:38 AEDT" duration-ms="756" status="PASS">
          <reporter-output>
          </reporter-output>
        </test-method> <!-- closeBrowser -->
      </class> <!-- restrictions.RestrictionsCheck -->
    </test> <!-- Test -->
  </suite> <!-- Suite -->
</testng-results>
