<?xml version="1.0" encoding="UTF-8"?>
<testng-results ignored="0" total="2" passed="2" failed="0" skipped="0">
  <reporter-output>
  </reporter-output>
  <suite started-at="2021-11-22T16:24:40 AEDT" name="Suite" finished-at="2021-11-22T16:25:45 AEDT" duration-ms="65287">
    <groups>
    </groups>
    <test started-at="2021-11-22T16:24:40 AEDT" name="Test" finished-at="2021-11-22T16:25:45 AEDT" duration-ms="65287">
      <class name="restrictions.RestrictionsCheck">
        <test-method is-config="true" signature="initialize()[pri:0, instance:restrictions.RestrictionsCheck@2102a4d5]" started-at="2021-11-22T16:24:40 AEDT" name="initialize" finished-at="2021-11-22T16:24:54 AEDT" duration-ms="14337" status="PASS">
          <reporter-output>
          </reporter-output>
        </test-method> <!-- initialize -->
        <test-method signature="restrictionsPageNavigation(java.lang.String,java.lang.String)[pri:0, instance:restrictions.RestrictionsCheck@2102a4d5]" started-at="2021-11-22T16:24:55 AEDT" name="restrictionsPageNavigation" data-provider="getData" finished-at="2021-11-22T16:25:40 AEDT" duration-ms="45221" status="PASS">
          <params>
            <param index="0">
              <value>
                <![CDATA[joyjo4693@gmail.com]]>
              </value>
            </param>
            <param index="1">
              <value>
                <![CDATA[Test1234$]]>
              </value>
            </param>
          </params>
          <reporter-output>
          </reporter-output>
        </test-method> <!-- restrictionsPageNavigation -->
        <test-method signature="clickOnSearch()[pri:0, instance:restrictions.RestrictionsCheck@2102a4d5]" started-at="2021-11-22T16:25:40 AEDT" name="clickOnSearch" finished-at="2021-11-22T16:25:41 AEDT" depends-on-methods="restrictions.RestrictionsCheck.restrictionsPageNavigation" duration-ms="602" status="PASS">
          <reporter-output>
          </reporter-output>
        </test-method> <!-- clickOnSearch -->
        <test-method is-config="true" signature="closeBrowser()[pri:0, instance:restrictions.RestrictionsCheck@2102a4d5]" started-at="2021-11-22T16:25:41 AEDT" name="closeBrowser" finished-at="2021-11-22T16:25:45 AEDT" duration-ms="4640" status="PASS">
          <reporter-output>
          </reporter-output>
        </test-method> <!-- closeBrowser -->
      </class> <!-- restrictions.RestrictionsCheck -->
    </test> <!-- Test -->
  </suite> <!-- Suite -->
</testng-results>
